################################################
###### CubeOne API SelfTest : PRO*C TEST #######
################################################

<<< CubeLog :: id/pass = [scott/one123@VM_19]
<<< CubeLog :: totalRec = [88888]
<<< CubeLog :: ARRAY_LENGTH = [20000]

************************************************
****** CubeOneAPI Encrypt Array Insert  ********
************************************************

<<< CubeLog :: =====================================================
<<< CubeLog :: after select(sqlca.sqlerrd[2]) = [20000] cnt
<<< CubeLog :: =====================================================
<<< CubeLog :: after select(sqlca.sqlerrd[2]) = [40000] cnt
<<< CubeLog :: =====================================================
<<< CubeLog :: after select(sqlca.sqlerrd[2]) = [60000] cnt
<<< CubeLog :: =====================================================
<<< CubeLog :: after select(sqlca.sqlerrd[2]) = [80000] cnt
<<< CubeLog :: **rows_to_fetch** = [8888] cnt
<<< CubeLog :: =====================================================
<<< CubeLog :: after select(sqlca.sqlerrd[2]) = [88888] cnt
<<< CubeLog :: **rows_to_fetch** = [0] cnt
<<< CubeLog :: *****************************************************
<<< CubeLog :: last(sqlca.sqlerrd[2]) = [8888] cnt
################################################
###### CubeOne API SelfTest : PRO*C TEST #######
################################################

<<< CubeLog :: id/pass = [scott/one123@VM_19]
<<< CubeLog :: totalRec = [88888]
<<< CubeLog :: ARRAY_LENGTH = [20000]

************************************************
****** CubeOneAPI Encrypt Array Insert  ********
************************************************

<<< CubeLog :: =====================================================
<<< CubeLog :: after select(sqlca.sqlerrd[2]) = [20000] cnt
<<< CubeLog :: =====================================================
<<< CubeLog :: after select(sqlca.sqlerrd[2]) = [40000] cnt
<<< CubeLog :: =====================================================
<<< CubeLog :: after select(sqlca.sqlerrd[2]) = [60000] cnt
<<< CubeLog :: =====================================================
<<< CubeLog :: after select(sqlca.sqlerrd[2]) = [80000] cnt
<<< CubeLog :: **rows_to_fetch** = [8888] cnt
<<< CubeLog :: =====================================================
<<< CubeLog :: after select(sqlca.sqlerrd[2]) = [88888] cnt
<<< CubeLog :: **rows_to_fetch** = [0] cnt
<<< CubeLog :: *****************************************************
<<< CubeLog :: last(sqlca.sqlerrd[2]) = [8888] cnt
