
 [CubeOne for API] Enc Value Out...
 input value=[5086-8545-3474-1780]

=========================== ITEM ============================
3DES
AES128
AES192
AES256
AES256_LE
AES256_LN
AES256_PART
AES256_RE
AES256_RN
ARIA128
ARIA192
ARIA256
ARIA256_LE
ARIA256_LN
ARIA256_RE
ARIA256_RN
DES
SEED
SHA256
SHA384
SHA512
========================= ENC VALUE =========================
yH8HAyb7Gl7k7fZVvlS+NJsg+CHspiWo
Ev2QzXV24b3MtivYlCy5d4LEke+ECqMWZs/kM/kaR4E=
P1fMtJK+knrZkdrz+vF0LvVxi/GBbARmtt/+EoN51u8=
OAzjVgb0FaGTBMEpGqG1dp9MaX3kfTei+DbKL55itio=
5086-6B0yj3AyIczwNJ+UhuaqGw==-3474-1780
5086-8545-sRiveCY/X4vaTlTWwx5fEw==
5086-85mw3upfQqyNVi6V2dWT0drw==
5086-8545-df5DvvUx0yzzA1+sk63VYg==-1780
BHcp32qvkr5a8trxeANVZg==-3474-1780
ConJMO2XPU94AOb46dwGekLpH/fGFPRjRV9ga8aF4E4=
eDnPtJRHsDm9Wn5oMQ387e6i91/CJVOXCjdsZJCTaNA=
mepfxQ1mV2l5SyRTdCjNOAENjcd64lPXLoLc0a5TLi8=
5086-pC6iBVfBjaVnJ0MS+KzmMA==-3474-1780
5086-8545-1C1LxDXbnCPVBvXDD7HgqA==
5086-8545-ehsEicTfVQ4T/cFUyPgJ/Q==-1780
1RCJMyAAIP7xZiuauxvyxw==-3474-1780
smHyRFa/CfO6jsvdiIrd/ERt9qrp7kX+
J3UbSD+IP8T/rPdiQ8dsSzXAyoLiYhvHapYtGa9DHV4=
57004CD19E7302F3F9584E1A4DCABD31B1B9FD9F52EF44121D872CC1508E2710
491815EBCE932FCA4C5B6760C2D70E0147C3D4465D6C79BFF98A8601C3D0DC5ABBB40A2666FB8B0391CE7295B8B80CDA
2857912E33457E1B5E978FC033C7FC6E6EED88FAE6E826A70AC469A3F93A33A1A3C16B41FF7437E096464F1EF07F39E40914A3C6B4B299A5AF736BA26AB4C339
